Unable to find image 'nanozoo/samtools:1.20--d1e21ae' locally
1.20--d1e21ae: Pulling from nanozoo/samtools
04e7578caeaa: Pulling fs layer
c893f9326bb9: Pulling fs layer
9548983a4b0b: Pulling fs layer
7246f7527d14: Pulling fs layer
ab202d730606: Pulling fs layer
348390f2ef44: Pulling fs layer
348390f2ef44: Waiting
7246f7527d14: Waiting
ab202d730606: Waiting
04e7578caeaa: Verifying Checksum
04e7578caeaa: Download complete
04e7578caeaa: Pull complete
7246f7527d14: Verifying Checksum
7246f7527d14: Download complete
ab202d730606: Verifying Checksum
ab202d730606: Download complete
c893f9326bb9: Verifying Checksum
c893f9326bb9: Download complete
c893f9326bb9: Pull complete
348390f2ef44: Verifying Checksum
348390f2ef44: Download complete
9548983a4b0b: Verifying Checksum
9548983a4b0b: Download complete
9548983a4b0b: Pull complete
7246f7527d14: Pull complete
ab202d730606: Pull complete
348390f2ef44: Pull complete
Digest: sha256:86df9510ac30cf642a11da703beae049a09eb04fe4b11c32c005b4022f8579f5
Status: Downloaded newer image for nanozoo/samtools:1.20--d1e21ae
/home/galeonev/Desktop/ONT_methylation/work/cb/d6fb8801575f3eb156622f4880207f/.command.sh: line 2: results/intermediate.fastq: No such file or directory
